mode: set
github.com/dkhalife/traefik-country-block/cmd/generate/main.go:13.13,18.47 4 0
github.com/dkhalife/traefik-country-block/cmd/generate/main.go:18.47,21.3 2 0
github.com/dkhalife/traefik-country-block/cmd/generate/main.go:24.44,26.16 2 1
github.com/dkhalife/traefik-country-block/cmd/generate/main.go:26.16,28.3 1 1
github.com/dkhalife/traefik-country-block/cmd/generate/main.go:29.2,32.16 3 1
github.com/dkhalife/traefik-country-block/cmd/generate/main.go:32.16,34.3 1 1
github.com/dkhalife/traefik-country-block/cmd/generate/main.go:35.2,37.25 2 1
github.com/dkhalife/traefik-country-block/cmd/generate/main.go:40.49,43.47 2 1
github.com/dkhalife/traefik-country-block/cmd/generate/main.go:43.47,45.3 1 1
github.com/dkhalife/traefik-country-block/cmd/generate/main.go:47.2,69.34 17 1
github.com/dkhalife/traefik-country-block/cmd/generate/main.go:69.34,71.15 2 1
github.com/dkhalife/traefik-country-block/cmd/generate/main.go:71.15,73.4 1 0
github.com/dkhalife/traefik-country-block/cmd/generate/main.go:74.3,74.36 1 1
github.com/dkhalife/traefik-country-block/cmd/generate/main.go:74.36,76.4 1 1
github.com/dkhalife/traefik-country-block/cmd/generate/main.go:77.3,80.13 4 1
github.com/dkhalife/traefik-country-block/cmd/generate/main.go:84.2,84.37 1 1
github.com/dkhalife/traefik-country-block/cmd/generate/main.go:84.37,86.54 2 1
github.com/dkhalife/traefik-country-block/cmd/generate/main.go:86.54,88.4 1 1
github.com/dkhalife/traefik-country-block/cmd/generate/main.go:89.3,90.16 2 1
github.com/dkhalife/traefik-country-block/cmd/generate/main.go:90.16,92.4 1 0
github.com/dkhalife/traefik-country-block/cmd/generate/main.go:93.3,93.33 1 1
github.com/dkhalife/traefik-country-block/cmd/generate/main.go:97.2,103.41 3 1
github.com/dkhalife/traefik-country-block/cmd/generate/main.go:103.41,107.47 3 1
github.com/dkhalife/traefik-country-block/cmd/generate/main.go:107.47,109.4 1 1
github.com/dkhalife/traefik-country-block/cmd/generate/main.go:110.3,113.64 4 1
github.com/dkhalife/traefik-country-block/cmd/generate/main.go:117.2,118.25 2 1
github.com/dkhalife/traefik-country-block/cmd/generate/main.go:118.25,119.72 1 1
github.com/dkhalife/traefik-country-block/cmd/generate/main.go:119.72,121.4 1 1
github.com/dkhalife/traefik-country-block/cmd/generate/main.go:123.2,132.41 4 1
github.com/dkhalife/traefik-country-block/cmd/generate/main.go:132.41,135.47 3 1
github.com/dkhalife/traefik-country-block/cmd/generate/main.go:135.47,137.4 1 1
github.com/dkhalife/traefik-country-block/cmd/generate/main.go:139.3,143.66 5 1
github.com/dkhalife/traefik-country-block/cmd/generate/main.go:146.2,147.25 2 1
github.com/dkhalife/traefik-country-block/cmd/generate/main.go:147.25,148.72 1 1
github.com/dkhalife/traefik-country-block/cmd/generate/main.go:148.72,150.4 1 1
github.com/dkhalife/traefik-country-block/cmd/generate/main.go:152.2,157.28 3 1
github.com/dkhalife/traefik-country-block/cmd/generate/main.go:157.28,160.3 2 1
github.com/dkhalife/traefik-country-block/cmd/generate/main.go:163.2,164.28 2 1
github.com/dkhalife/traefik-country-block/cmd/generate/main.go:164.28,168.3 3 1
github.com/dkhalife/traefik-country-block/cmd/generate/main.go:170.2,183.33 9 1
github.com/dkhalife/traefik-country-block/cmd/generate/main.go:183.33,185.3 1 1
github.com/dkhalife/traefik-country-block/cmd/generate/main.go:186.2,197.12 7 1
github.com/dkhalife/traefik-country-block/cmd/generate/main.go:200.59,202.2 1 1
